<?xml version="1.0" encoding="UTF-8"?>
<testsuite name="GreeterWithMock" tests="2" skipped="0" failures="0" errors="0" timestamp="2021-04-01T23:48:03" hostname="macbook.oneshore.lcl" time="0.744">
  <properties/>
  <testcase name="testFormalGreeter" classname="GreeterWithMock" time="0.736"/>
  <testcase name="testInformalGreeter" classname="GreeterWithMock" time="0.006"/>
  <system-out><![CDATA[]]></system-out>
  <system-err><![CDATA[]]></system-err>
</testsuite>
